<?xml version="1.0" encoding="UTF-8"?>
<!-- Generated by org.testng.reporters.JUnitReportReporter -->
<testsuite hostname="Shakir" failures="0" tests="1" name="Shakir.Hussain.Uber" time="0.228" errors="0" timestamp="2021-09-17T01:53:32 EDT" skipped="0">
  <testcase classname="Shakir.Hussain.Uber" name="login" time="0.228"/>
  <system-out/>
</testsuite> <!-- Shakir.Hussain.Uber -->
