<?xml version="1.0" encoding="UTF-8"?>
<!-- Generated by org.testng.reporters.JUnitReportReporter -->
<testsuite hostname="Shakir" failures="0" tests="3" name="data_pro.NewTest" time="19.249" errors="0" timestamp="2021-09-21T01:12:20 EDT" skipped="0">
  <testcase classname="data_pro.NewTest" name="f" time="6.266"/>
  <system-out/>
  <testcase classname="data_pro.NewTest" name="f" time="6.385"/>
  <system-out/>
  <testcase classname="data_pro.NewTest" name="f" time="6.598"/>
  <system-out/>
</testsuite> <!-- data_pro.NewTest -->
