<?xml version="1.0" encoding="UTF-8"?>
<!-- Generated by org.testng.reporters.JUnitReportReporter -->
<testsuite hostname="Shakir" failures="0" tests="3" name="shakir_hussain.NewTest" time="18.662" errors="0" timestamp="2021-10-03T20:02:07 EDT" skipped="0">
  <testcase classname="shakir_hussain.NewTest" name="f" time="6.275"/>
  <system-out/>
  <testcase classname="shakir_hussain.NewTest" name="f" time="6.182"/>
  <system-out/>
  <testcase classname="shakir_hussain.NewTest" name="f" time="6.205"/>
  <system-out/>
</testsuite> <!-- shakir_hussain.NewTest -->
